c:\users\xcy\documents\cvproject\group\x64\release\qrc_kltgpu.obj
c:\users\xcy\documents\cvproject\group\x64\release\utils.obj
c:\users\xcy\documents\cvproject\group\x64\release\buffers.obj
c:\users\xcy\documents\cvproject\group\x64\release\viewqt.obj
c:\users\xcy\documents\cvproject\group\x64\release\modelsqt.obj
c:\users\xcy\documents\cvproject\group\x64\release\mainwindow.obj
c:\users\xcy\documents\cvproject\group\x64\release\main.obj
c:\users\xcy\documents\cvproject\group\x64\release\moc_viewqt.obj
c:\users\xcy\documents\cvproject\group\x64\release\moc_streamthread.obj
c:\users\xcy\documents\cvproject\group\x64\release\moc_mainwindow.obj
c:\users\xcy\documents\cvproject\group\x64\release\streamthread.obj
c:\users\xcy\documents\cvproject\group\generatedfiles\ui_kltgpu.h
c:\users\xcy\documents\cvproject\group\generatedfiles\release\moc_viewqt.cpp
c:\users\xcy\documents\cvproject\group\generatedfiles\release\moc_streamthread.cpp
c:\users\xcy\documents\cvproject\group\generatedfiles\release\moc_mainwindow.cpp
c:\users\xcy\documents\cvproject\group\generatedfiles\qrc_kltgpu.cpp
c:\users\xcy\documents\cvproject\group\x64\release\group.exe
c:\users\xcy\documents\cvproject\confront\x64\release\klttracker.cu.cache
c:\users\xcy\documents\cvproject\confront\x64\release\klttracker.cu.obj
c:\users\xcy\documents\cvproject\confront\x64\release\group.tlog\cl.command.1.tlog
c:\users\xcy\documents\cvproject\confront\x64\release\group.tlog\cl.read.1.tlog
c:\users\xcy\documents\cvproject\confront\x64\release\group.tlog\cl.write.1.tlog
c:\users\xcy\documents\cvproject\confront\x64\release\group.tlog\custombuild.command.1.tlog
c:\users\xcy\documents\cvproject\confront\x64\release\group.tlog\custombuild.read.1.tlog
c:\users\xcy\documents\cvproject\confront\x64\release\group.tlog\custombuild.write.1.tlog
c:\users\xcy\documents\cvproject\confront\x64\release\group.tlog\link.command.1.tlog
c:\users\xcy\documents\cvproject\confront\x64\release\group.tlog\link.read.1.tlog
c:\users\xcy\documents\cvproject\confront\x64\release\group.tlog\link.write.1.tlog
